{"c:\\Users\\Rory\\Documents\\NetBeansProjects\\lollypop\\app.js":{"path":"c:\\Users\\Rory\\Documents\\NetBeansProjects\\lollypop\\app.js","s":{"1":1,"2":1,"3":1,"4":1,"5":1,"6":1,"7":1,"8":1,"9":1,"10":1,"11":1,"12":1,"13":1,"14":1,"15":1,"16":1,"17":1,"18":1,"19":1,"20":1,"21":1,"22":1,"23":1,"24":1,"25":1,"26":1,"27":1,"28":1,"29":1,"30":0,"31":0,"32":1},"b":{"1":[1,0],"2":[1,0],"3":[0,0]},"f":{"1":1,"2":1,"3":0},"fnMap":{"1":{"name":"(anonymous_1)","line":37,"loc":{"start":{"line":37,"column":8},"end":{"line":37,"column":33}}},"2":{"name":"(anonymous_2)","line":48,"loc":{"start":{"line":48,"column":10},"end":{"line":48,"column":40}}},"3":{"name":"(anonymous_3)","line":59,"loc":{"start":{"line":59,"column":8},"end":{"line":59,"column":38}}}},"statementMap":{"1":{"start":{"line":1,"column":0},"end":{"line":1,"column":33}},"2":{"start":{"line":2,"column":0},"end":{"line":2,"column":27}},"3":{"start":{"line":3,"column":0},"end":{"line":3,"column":39}},"4":{"start":{"line":4,"column":0},"end":{"line":4,"column":31}},"5":{"start":{"line":5,"column":0},"end":{"line":5,"column":44}},"6":{"start":{"line":6,"column":0},"end":{"line":6,"column":40}},"7":{"start":{"line":7,"column":0},"end":{"line":7,"column":40}},"8":{"start":{"line":11,"column":0},"end":{"line":11,"column":39}},"9":{"start":{"line":12,"column":0},"end":{"line":12,"column":44}},"10":{"start":{"line":15,"column":0},"end":{"line":15,"column":20}},"11":{"start":{"line":18,"column":0},"end":{"line":18,"column":48}},"12":{"start":{"line":19,"column":0},"end":{"line":19,"column":30}},"13":{"start":{"line":23,"column":0},"end":{"line":23,"column":23}},"14":{"start":{"line":24,"column":0},"end":{"line":24,"column":27}},"15":{"start":{"line":25,"column":0},"end":{"line":25,"column":52}},"16":{"start":{"line":26,"column":0},"end":{"line":26,"column":24}},"17":{"start":{"line":27,"column":0},"end":{"line":27,"column":56}},"18":{"start":{"line":30,"column":0},"end":{"line":30,"column":21}},"19":{"start":{"line":31,"column":0},"end":{"line":31,"column":31}},"20":{"start":{"line":34,"column":0},"end":{"line":34,"column":61}},"21":{"start":{"line":37,"column":0},"end":{"line":41,"column":3}},"22":{"start":{"line":38,"column":2},"end":{"line":38,"column":35}},"23":{"start":{"line":39,"column":2},"end":{"line":39,"column":19}},"24":{"start":{"line":40,"column":2},"end":{"line":40,"column":12}},"25":{"start":{"line":47,"column":0},"end":{"line":55,"column":1}},"26":{"start":{"line":48,"column":2},"end":{"line":54,"column":5}},"27":{"start":{"line":49,"column":4},"end":{"line":49,"column":34}},"28":{"start":{"line":50,"column":4},"end":{"line":53,"column":7}},"29":{"start":{"line":59,"column":0},"end":{"line":65,"column":3}},"30":{"start":{"line":60,"column":2},"end":{"line":60,"column":32}},"31":{"start":{"line":61,"column":2},"end":{"line":64,"column":5}},"32":{"start":{"line":68,"column":0},"end":{"line":68,"column":21}}},"branchMap":{"1":{"line":47,"type":"if","locations":[{"start":{"line":47,"column":0},"end":{"line":47,"column":0}},{"start":{"line":47,"column":0},"end":{"line":47,"column":0}}]},"2":{"line":49,"type":"binary-expr","locations":[{"start":{"line":49,"column":15},"end":{"line":49,"column":25}},{"start":{"line":49,"column":29},"end":{"line":49,"column":32}}]},"3":{"line":60,"type":"binary-expr","locations":[{"start":{"line":60,"column":13},"end":{"line":60,"column":23}},{"start":{"line":60,"column":27},"end":{"line":60,"column":30}}]}}},"c:\\Users\\Rory\\Documents\\NetBeansProjects\\lollypop\\routes\\index.js":{"path":"c:\\Users\\Rory\\Documents\\NetBeansProjects\\lollypop\\routes\\index.js","s":{"1":1,"2":1,"3":1,"4":3,"5":1},"b":{},"f":{"1":3},"fnMap":{"1":{"name":"(anonymous_1)","line":14,"loc":{"start":{"line":14,"column":16},"end":{"line":14,"column":41}}}},"statementMap":{"1":{"start":{"line":10,"column":0},"end":{"line":10,"column":33}},"2":{"start":{"line":11,"column":0},"end":{"line":11,"column":30}},"3":{"start":{"line":14,"column":0},"end":{"line":17,"column":3}},"4":{"start":{"line":16,"column":2},"end":{"line":16,"column":51}},"5":{"start":{"line":20,"column":0},"end":{"line":20,"column":24}}},"branchMap":{}},"c:\\Users\\Rory\\Documents\\NetBeansProjects\\lollypop\\routes\\menuitem.js":{"path":"c:\\Users\\Rory\\Documents\\NetBeansProjects\\lollypop\\routes\\menuitem.js","s":{"1":1,"2":1,"3":1,"4":1,"5":1,"6":1,"7":1,"8":1,"9":0,"10":1,"11":0,"12":1,"13":1,"14":0,"15":1},"b":{"1":[0,1],"2":[0,1],"3":[1,0]},"f":{"1":1,"2":1},"fnMap":{"1":{"name":"(anonymous_1)","line":19,"loc":{"start":{"line":19,"column":40},"end":{"line":19,"column":65}}},"2":{"name":"(anonymous_2)","line":31,"loc":{"start":{"line":31,"column":29},"end":{"line":31,"column":50}}}},"statementMap":{"1":{"start":{"line":10,"column":0},"end":{"line":10,"column":33}},"2":{"start":{"line":11,"column":0},"end":{"line":11,"column":30}},"3":{"start":{"line":13,"column":0},"end":{"line":13,"column":31}},"4":{"start":{"line":14,"column":0},"end":{"line":14,"column":44}},"5":{"start":{"line":16,"column":0},"end":{"line":16,"column":39}},"6":{"start":{"line":19,"column":0},"end":{"line":42,"column":3}},"7":{"start":{"line":31,"column":4},"end":{"line":40,"column":7}},"8":{"start":{"line":32,"column":8},"end":{"line":32,"column":27}},"9":{"start":{"line":32,"column":17},"end":{"line":32,"column":27}},"10":{"start":{"line":33,"column":8},"end":{"line":39,"column":9}},"11":{"start":{"line":34,"column":12},"end":{"line":34,"column":30}},"12":{"start":{"line":35,"column":14},"end":{"line":39,"column":9}},"13":{"start":{"line":36,"column":12},"end":{"line":36,"column":96}},"14":{"start":{"line":38,"column":11},"end":{"line":38,"column":101}},"15":{"start":{"line":45,"column":0},"end":{"line":45,"column":24}}},"branchMap":{"1":{"line":32,"type":"if","locations":[{"start":{"line":32,"column":8},"end":{"line":32,"column":8}},{"start":{"line":32,"column":8},"end":{"line":32,"column":8}}]},"2":{"line":33,"type":"if","locations":[{"start":{"line":33,"column":8},"end":{"line":33,"column":8}},{"start":{"line":33,"column":8},"end":{"line":33,"column":8}}]},"3":{"line":35,"type":"if","locations":[{"start":{"line":35,"column":14},"end":{"line":35,"column":14}},{"start":{"line":35,"column":14},"end":{"line":35,"column":14}}]}}},"c:\\Users\\Rory\\Documents\\NetBeansProjects\\lollypop\\routes\\savefile.js":{"path":"c:\\Users\\Rory\\Documents\\NetBeansProjects\\lollypop\\routes\\savefile.js","s":{"1":1,"2":1,"3":1,"4":1,"5":5,"6":2,"7":2,"8":2,"9":1,"10":1,"11":0,"12":0,"13":1,"14":1,"15":1,"16":0,"17":0,"18":1,"19":3},"b":{"1":[2,3],"2":[5,3],"3":[1,1],"4":[0,1],"5":[0,1]},"f":{"1":5,"2":1,"3":1},"fnMap":{"1":{"name":"(anonymous_1)","line":28,"loc":{"start":{"line":28,"column":19},"end":{"line":28,"column":42}}},"2":{"name":"(anonymous_2)","line":41,"loc":{"start":{"line":41,"column":44},"end":{"line":41,"column":58}}},"3":{"name":"(anonymous_3)","line":56,"loc":{"start":{"line":56,"column":32},"end":{"line":56,"column":47}}}},"statementMap":{"1":{"start":{"line":10,"column":0},"end":{"line":10,"column":27}},"2":{"start":{"line":12,"column":0},"end":{"line":12,"column":23}},"3":{"start":{"line":15,"column":0},"end":{"line":15,"column":34}},"4":{"start":{"line":28,"column":0},"end":{"line":74,"column":2}},"5":{"start":{"line":31,"column":4},"end":{"line":73,"column":5}},"6":{"start":{"line":33,"column":8},"end":{"line":33,"column":51}},"7":{"start":{"line":34,"column":8},"end":{"line":34,"column":85}},"8":{"start":{"line":37,"column":7},"end":{"line":67,"column":8}},"9":{"start":{"line":41,"column":12},"end":{"line":52,"column":15}},"10":{"start":{"line":43,"column":16},"end":{"line":48,"column":17}},"11":{"start":{"line":46,"column":20},"end":{"line":46,"column":34}},"12":{"start":{"line":47,"column":20},"end":{"line":47,"column":27}},"13":{"start":{"line":51,"column":16},"end":{"line":51,"column":51}},"14":{"start":{"line":56,"column":12},"end":{"line":66,"column":15}},"15":{"start":{"line":57,"column":16},"end":{"line":62,"column":17}},"16":{"start":{"line":60,"column":20},"end":{"line":60,"column":34}},"17":{"start":{"line":61,"column":20},"end":{"line":61,"column":27}},"18":{"start":{"line":65,"column":16},"end":{"line":65,"column":62}},"19":{"start":{"line":72,"column":8},"end":{"line":72,"column":42}}},"branchMap":{"1":{"line":31,"type":"if","locations":[{"start":{"line":31,"column":4},"end":{"line":31,"column":4}},{"start":{"line":31,"column":4},"end":{"line":31,"column":4}}]},"2":{"line":31,"type":"binary-expr","locations":[{"start":{"line":31,"column":7},"end":{"line":31,"column":15}},{"start":{"line":31,"column":19},"end":{"line":31,"column":27}}]},"3":{"line":37,"type":"if","locations":[{"start":{"line":37,"column":7},"end":{"line":37,"column":7}},{"start":{"line":37,"column":7},"end":{"line":37,"column":7}}]},"4":{"line":43,"type":"if","locations":[{"start":{"line":43,"column":16},"end":{"line":43,"column":16}},{"start":{"line":43,"column":16},"end":{"line":43,"column":16}}]},"5":{"line":57,"type":"if","locations":[{"start":{"line":57,"column":16},"end":{"line":57,"column":16}},{"start":{"line":57,"column":16},"end":{"line":57,"column":16}}]}}}}