TN:
SF:c:\Users\Rory\Documents\NetBeansProjects\lollypop\app.js
FN:37,(anonymous_1)
FN:48,(anonymous_2)
FN:59,(anonymous_3)
FNF:3
FNH:2
FNDA:1,(anonymous_1)
FNDA:1,(anonymous_2)
FNDA:0,(anonymous_3)
DA:1,1
DA:2,1
DA:3,1
DA:4,1
DA:5,1
DA:6,1
DA:7,1
DA:11,1
DA:12,1
DA:15,1
DA:18,1
DA:19,1
DA:23,1
DA:24,1
DA:25,1
DA:26,1
DA:27,1
DA:30,1
DA:31,1
DA:34,1
DA:37,1
DA:38,1
DA:39,1
DA:40,1
DA:47,1
DA:48,1
DA:49,1
DA:50,1
DA:59,1
DA:60,0
DA:61,0
DA:68,1
LF:32
LH:30
BRDA:47,1,0,1
BRDA:47,1,1,0
BRDA:49,2,0,1
BRDA:49,2,1,0
BRDA:60,3,0,0
BRDA:60,3,1,0
BRF:6
BRH:2
end_of_record
TN:
SF:c:\Users\Rory\Documents\NetBeansProjects\lollypop\routes\index.js
FN:14,(anonymous_1)
FNF:1
FNH:1
FNDA:3,(anonymous_1)
DA:10,1
DA:11,1
DA:14,1
DA:16,3
DA:20,1
LF:5
LH:5
BRF:0
BRH:0
end_of_record
TN:
SF:c:\Users\Rory\Documents\NetBeansProjects\lollypop\routes\menuitem.js
FN:19,(anonymous_1)
FN:31,(anonymous_2)
FNF:2
FNH:2
FNDA:1,(anonymous_1)
FNDA:1,(anonymous_2)
DA:10,1
DA:11,1
DA:13,1
DA:14,1
DA:16,1
DA:19,1
DA:31,1
DA:32,1
DA:33,1
DA:34,0
DA:35,1
DA:36,1
DA:38,0
DA:45,1
LF:14
LH:12
BRDA:32,1,0,0
BRDA:32,1,1,1
BRDA:33,2,0,0
BRDA:33,2,1,1
BRDA:35,3,0,1
BRDA:35,3,1,0
BRF:6
BRH:3
end_of_record
TN:
SF:c:\Users\Rory\Documents\NetBeansProjects\lollypop\routes\savefile.js
FN:28,(anonymous_1)
FN:41,(anonymous_2)
FN:56,(anonymous_3)
FNF:3
FNH:3
FNDA:5,(anonymous_1)
FNDA:1,(anonymous_2)
FNDA:1,(anonymous_3)
DA:10,1
DA:12,1
DA:15,1
DA:28,1
DA:31,5
DA:33,2
DA:34,2
DA:37,2
DA:41,1
DA:43,1
DA:46,0
DA:47,0
DA:51,1
DA:56,1
DA:57,1
DA:60,0
DA:61,0
DA:65,1
DA:72,3
LF:19
LH:15
BRDA:31,1,0,2
BRDA:31,1,1,3
BRDA:31,2,0,5
BRDA:31,2,1,3
BRDA:37,3,0,1
BRDA:37,3,1,1
BRDA:43,4,0,0
BRDA:43,4,1,1
BRDA:57,5,0,0
BRDA:57,5,1,1
BRF:10
BRH:8
end_of_record
